-------------------------------------------------------------------------------
Test set: edu.coursera.concurrent.ListSetTest
-------------------------------------------------------------------------------
Tests run: 6, Failures: 5, Errors: 0, Skipped: 0, Time elapsed: 1,488.593 sec <<< FAILURE! - in edu.coursera.concurrent.ListSetTest
testReadWriteLocksRepeatingLarge(edu.coursera.concurrent.ListSetTest)  Time elapsed: 68.078 sec  <<< FAILURE!
junit.framework.AssertionFailedError: expected:<10000> but was:<10029>
	at junit.framework.Assert.fail(Assert.java:47)
	at junit.framework.Assert.failNotEquals(Assert.java:280)
	at junit.framework.Assert.assertEquals(Assert.java:64)
	at junit.framework.Assert.assertEquals(Assert.java:198)
	at junit.framework.Assert.assertEquals(Assert.java:204)
	at edu.coursera.concurrent.ListSetTest.testReadWriteLocksHelper(ListSetTest.java:205)
	at edu.coursera.concurrent.ListSetTest.testReadWriteLocksRepeatingLarge(ListSetTest.java:117)

testReadWriteLocksRepeatingSmall(edu.coursera.concurrent.ListSetTest)  Time elapsed: 32.203 sec  <<< FAILURE!
junit.framework.AssertionFailedError: expected:<10000> but was:<10001>
	at junit.framework.Assert.fail(Assert.java:47)
	at junit.framework.Assert.failNotEquals(Assert.java:280)
	at junit.framework.Assert.assertEquals(Assert.java:64)
	at junit.framework.Assert.assertEquals(Assert.java:198)
	at junit.framework.Assert.assertEquals(Assert.java:204)
	at edu.coursera.concurrent.ListSetTest.testReadWriteLocksHelper(ListSetTest.java:205)
	at edu.coursera.concurrent.ListSetTest.testReadWriteLocksRepeatingSmall(ListSetTest.java:133)

testReadWriteLocksRandomSmall(edu.coursera.concurrent.ListSetTest)  Time elapsed: 139.264 sec  <<< FAILURE!
junit.framework.AssertionFailedError: expected:<31551> but was:<31550>
	at junit.framework.Assert.fail(Assert.java:47)
	at junit.framework.Assert.failNotEquals(Assert.java:280)
	at junit.framework.Assert.assertEquals(Assert.java:64)
	at junit.framework.Assert.assertEquals(Assert.java:198)
	at junit.framework.Assert.assertEquals(Assert.java:204)
	at edu.coursera.concurrent.ListSetTest.testReadWriteLocksHelper(ListSetTest.java:197)
	at edu.coursera.concurrent.ListSetTest.testReadWriteLocksRandomSmall(ListSetTest.java:101)

testReadWriteLocksRandomLarge(edu.coursera.concurrent.ListSetTest)  Time elapsed: 431.634 sec  <<< FAILURE!
junit.framework.AssertionFailedError: expected:<50535> but was:<50534>
	at junit.framework.Assert.fail(Assert.java:47)
	at junit.framework.Assert.failNotEquals(Assert.java:280)
	at junit.framework.Assert.assertEquals(Assert.java:64)
	at junit.framework.Assert.assertEquals(Assert.java:198)
	at junit.framework.Assert.assertEquals(Assert.java:204)
	at edu.coursera.concurrent.ListSetTest.testReadWriteLocksHelper(ListSetTest.java:197)
	at edu.coursera.concurrent.ListSetTest.testReadWriteLocksRandomLarge(ListSetTest.java:85)

testCoarseGrainedLockingRepeatingLarge(edu.coursera.concurrent.ListSetTest)  Time elapsed: 112.003 sec  <<< FAILURE!
junit.framework.AssertionFailedError: Expected remove throughput to remain similar (at least 0.600000x) with locks, but found 0.283218x
	at junit.framework.Assert.fail(Assert.java:47)
	at junit.framework.Assert.assertTrue(Assert.java:20)
	at edu.coursera.concurrent.ListSetTest.testCoarseGrainedLockingHelper(ListSetTest.java:182)
	at edu.coursera.concurrent.ListSetTest.testCoarseGrainedLockingRepeatingLarge(ListSetTest.java:69)

